commit dc0b2b75fa05890a88c973e04ab667e26b35bde8
Author: AdamAliWeb <adamstar080904@gmail.com>
Date:   Tue Jun 23 15:54:54 2026 -0600

    Python section created

commit 3edeff9d46a916cb5d545cfb8cbcab58c9c2fde8
Author: AdamAliWeb <adamstar080904@gmail.com>
Date:   Tue Jun 23 13:47:05 2026 -0600

    TypeScript and Next.js sections added

commit 27ca03b1767df5e2be3ec634ad1c5f874b877e83
Author: AdamAliWeb <adamstar080904@gmail.com>
Date:   Tue Jun 23 09:59:08 2026 -0600

    React section created

commit 8431ef11775c607e415e4be73f4fb2dd793bdf62
Author: AdamAliWeb <adamstar080904@gmail.com>
Date:   Fri Jun 19 22:09:58 2026 -0600

    Updating the private resources to a separate section and creating the JavaScript section

commit dd498e74452cbd7a3307cc95cc5ca661a8007ee1
Author: AdamAliWeb <adamstar080904@gmail.com>
Date:   Thu Jun 18 10:52:57 2026 -0600

    Added the interview preparation section

commit a1ad5b31af6abf7ae9eadd7d5a9d03f2eba1fc81
Author: AdamAliWeb <adamstar080904@gmail.com>
Date:   Wed Jun 17 20:22:05 2026 -0600

    Finished the HTML & CSS Section

commit a821b26ff8722cef205846ba9b522793fc8c270f
Author: AdamAliWeb <adamstar080904@gmail.com>
Date:   Sun Jun 14 21:27:29 2026 -0600

    Added Introduction and starting structure

commit 69e3f0dc5b00d9d18dcc9583bd10114cba9cb5b5
Author: AdamAliWeb <adamstar080904@gmail.com>
Date:   Sun Jun 14 20:41:21 2026 -0600

    Creating the main Readme
